# JRE version: Java(TM) SE Runtime Environment (8.0_72-b15) (build 1.8.0_72-b15)
# Java VM: Java HotSpot(TM) 64-Bit Server VM (25.72-b15 mixed mode bsd-amd64 compressed oops)
Heap:
 PSYoungGen      total 169984K, used 57636K [0x0000000740000000, 0x000000074d500000, 0x00000007c0000000)
  eden space 144384K, 22% used [0x0000000740000000,0x0000000741f4b0b8,0x0000000748d00000)
  from space 25600K, 99% used [0x000000074ac80000,0x000000074c57e090,0x000000074c580000)
  to   space 32256K, 0% used [0x0000000748d00000,0x0000000748d00000,0x000000074ac80000)
 ParOldGen       total 147968K, used 63837K [0x0000000640000000, 0x0000000649080000, 0x0000000740000000)
  object space 147968K, 43% used [0x0000000640000000,0x0000000643e57610,0x0000000649080000)
 Metaspace       used 69881K, capacity 72853K, committed 72960K, reserved 1112064K
  class space    used 9599K, capacity 10183K, committed 10240K, reserved 1048576K
GC Heap History (10 events):
Event: 78.468 GC heap before
{Heap before GC invocations=17 (full 3):
 PSYoungGen      total 135680K, used 15283K [0x0000000740000000, 0x000000074a500000, 0x00000007c0000000)
  eden space 120320K, 0% used [0x0000000740000000,0x0000000740000000,0x0000000747580000)
  from space 15360K, 99% used [0x0000000748680000,0x000000074956cd78,0x0000000749580000)
  to   space 17408K, 0% used [0x0000000747580000,0x0000000747580000,0x0000000748680000)
 ParOldGen       total 91648K, used 32476K [0x0000000640000000, 0x0000000645980000, 0x0000000740000000)
  object space 91648K, 35% used [0x0000000640000000,0x0000000641fb71e0,0x0000000645980000)
 Metaspace       used 56934K, capacity 58921K, committed 59028K, reserved 1099776K
  class space    used 7901K, capacity 8377K, committed 8448K, reserved 1048576K
Event: 79.833 GC heap after
Heap after GC invocations=17 (full 3):
 PSYoungGen      total 135680K, used 0K [0x0000000740000000, 0x000000074a500000, 0x00000007c0000000)
  eden space 120320K, 0% used [0x0000000740000000,0x0000000740000000,0x0000000747580000)
  from space 15360K, 0% used [0x0000000748680000,0x0000000748680000,0x0000000749580000)
  to   space 17408K, 0% used [0x0000000747580000,0x0000000747580000,0x0000000748680000)
 ParOldGen       total 147968K, used 43076K [0x0000000640000000, 0x0000000649080000, 0x0000000740000000)
  object space 147968K, 29% used [0x0000000640000000,0x0000000642a11338,0x0000000649080000)
 Metaspace       used 56934K, capacity 58921K, committed 59028K, reserved 1099776K
  class space    used 7901K, capacity 8377K, committed 8448K, reserved 1048576K
}
Event: 92.033 GC heap before
{Heap before GC invocations=18 (full 3):
 PSYoungGen      total 135680K, used 120320K [0x0000000740000000, 0x000000074a500000, 0x00000007c0000000)
  eden space 120320K, 100% used [0x0000000740000000,0x0000000747580000,0x0000000747580000)
  from space 15360K, 0% used [0x0000000748680000,0x0000000748680000,0x0000000749580000)
  to   space 17408K, 0% used [0x0000000747580000,0x0000000747580000,0x0000000748680000)
 ParOldGen       total 147968K, used 43076K [0x0000000640000000, 0x0000000649080000, 0x0000000740000000)
  object space 147968K, 29% used [0x0000000640000000,0x0000000642a11338,0x0000000649080000)
 Metaspace       used 62436K, capacity 64965K, committed 65152K, reserved 1105920K
  class space    used 8722K, capacity 9289K, committed 9344K, reserved 1048576K
Event: 92.101 GC heap after
Heap after GC invocations=18 (full 3):
 PSYoungGen      total 137728K, used 14241K [0x0000000740000000, 0x000000074ac00000, 0x00000007c0000000)
  eden space 120320K, 0% used [0x0000000740000000,0x0000000740000000,0x0000000747580000)
  from space 17408K, 81% used [0x0000000747580000,0x0000000748368718,0x0000000748680000)
  to   space 18432K, 0% used [0x0000000749a00000,0x0000000749a00000,0x000000074ac00000)
 ParOldGen       total 147968K, used 43084K [0x0000000640000000, 0x0000000649080000, 0x0000000740000000)
  object space 147968K, 29% used [0x0000000640000000,0x0000000642a13338,0x0000000649080000)
 Metaspace       used 62436K, capacity 64965K, committed 65152K, reserved 1105920K
  class space    used 8722K, capacity 9289K, committed 9344K, reserved 1048576K
}
Event: 100.611 GC heap before
{Heap before GC invocations=19 (full 3):
 PSYoungGen      total 137728K, used 134561K [0x0000000740000000, 0x000000074ac00000, 0x00000007c0000000)
  eden space 120320K, 100% used [0x0000000740000000,0x0000000747580000,0x0000000747580000)
  from space 17408K, 81% used [0x0000000747580000,0x0000000748368718,0x0000000748680000)
  to   space 18432K, 0% used [0x0000000749a00000,0x0000000749a00000,0x000000074ac00000)
 ParOldGen       total 147968K, used 43084K [0x0000000640000000, 0x0000000649080000, 0x0000000740000000)
  object space 147968K, 29% used [0x0000000640000000,0x0000000642a13338,0x0000000649080000)
 Metaspace       used 63533K, capacity 66097K, committed 66304K, reserved 1105920K
  class space    used 8828K, capacity 9411K, committed 9472K, reserved 1048576K
Event: 100.723 GC heap after
Heap after GC invocations=19 (full 3):
 PSYoungGen      total 153088K, used 18400K [0x0000000740000000, 0x000000074b780000, 0x00000007c0000000)
  eden space 134656K, 0% used [0x0000000740000000,0x0000000740000000,0x0000000748380000)
  from space 18432K, 99% used [0x0000000749a00000,0x000000074abf8040,0x000000074ac00000)
  to   space 23040K, 0% used [0x0000000748380000,0x0000000748380000,0x0000000749a00000)
 ParOldGen       total 147968K, used 49124K [0x0000000640000000, 0x0000000649080000, 0x0000000740000000)
  object space 147968K, 33% used [0x0000000640000000,0x0000000642ff92d0,0x0000000649080000)
 Metaspace       used 63533K, capacity 66097K, committed 66304K, reserved 1105920K
  class space    used 8828K, capacity 9411K, committed 9472K, reserved 1048576K
}
Event: 109.905 GC heap before
{Heap before GC invocations=20 (full 3):
 PSYoungGen      total 153088K, used 153056K [0x0000000740000000, 0x000000074b780000, 0x00000007c0000000)
  eden space 134656K, 100% used [0x0000000740000000,0x0000000748380000,0x0000000748380000)
  from space 18432K, 99% used [0x0000000749a00000,0x000000074abf8040,0x000000074ac00000)
  to   space 23040K, 0% used [0x0000000748380000,0x0000000748380000,0x0000000749a00000)
 ParOldGen       total 147968K, used 49124K [0x0000000640000000, 0x0000000649080000, 0x0000000740000000)
  object space 147968K, 33% used [0x0000000640000000,0x0000000642ff92d0,0x0000000649080000)
 Metaspace       used 65518K, capacity 68357K, committed 68608K, reserved 1107968K
  class space    used 9059K, capacity 9659K, committed 9728K, reserved 1048576K
Event: 109.987 GC heap after
Heap after GC invocations=20 (full 3):
 PSYoungGen      total 157696K, used 20671K [0x0000000740000000, 0x000000074c580000, 0x00000007c0000000)
  eden space 134656K, 0% used [0x0000000740000000,0x0000000740000000,0x0000000748380000)
  from space 23040K, 89% used [0x0000000748380000,0x00000007497afce0,0x0000000749a00000)
  to   space 25600K, 0% used [0x000000074ac80000,0x000000074ac80000,0x000000074c580000)
 ParOldGen       total 147968K, used 55570K [0x0000000640000000, 0x0000000649080000, 0x0000000740000000)
  object space 147968K, 37% used [0x0000000640000000,0x0000000643644bc0,0x0000000649080000)
 Metaspace       used 65518K, capacity 68357K, committed 68608K, reserved 1107968K
  class space    used 9059K, capacity 9659K, committed 9728K, reserved 1048576K
}
Event: 124.662 GC heap before
{Heap before GC invocations=21 (full 3):
 PSYoungGen      total 157696K, used 155327K [0x0000000740000000, 0x000000074c580000, 0x00000007c0000000)
  eden space 134656K, 100% used [0x0000000740000000,0x0000000748380000,0x0000000748380000)
  from space 23040K, 89% used [0x0000000748380000,0x00000007497afce0,0x0000000749a00000)
  to   space 25600K, 0% used [0x000000074ac80000,0x000000074ac80000,0x000000074c580000)
 ParOldGen       total 147968K, used 55570K [0x0000000640000000, 0x0000000649080000, 0x0000000740000000)
  object space 147968K, 37% used [0x0000000640000000,0x0000000643644bc0,0x0000000649080000)
 Metaspace       used 69772K, capacity 72725K, committed 72960K, reserved 1112064K
  class space    used 9592K, capacity 10183K, committed 10240K, reserved 1048576K
Event: 124.903 GC heap after
Heap after GC invocations=21 (full 3):
 PSYoungGen      total 169984K, used 25592K [0x0000000740000000, 0x000000074d500000, 0x00000007c0000000)
  eden space 144384K, 0% used [0x0000000740000000,0x0000000740000000,0x0000000748d00000)
  from space 25600K, 99% used [0x000000074ac80000,0x000000074c57e090,0x000000074c580000)
  to   space 32256K, 0% used [0x0000000748d00000,0x0000000748d00000,0x000000074ac80000)
 ParOldGen       total 147968K, used 63837K [0x0000000640000000, 0x0000000649080000, 0x0000000740000000)
  object space 147968K, 43% used [0x0000000640000000,0x0000000643e57610,0x0000000649080000)
 Metaspace       used 69772K, capacity 72725K, committed 72960K, reserved 1112064K
  class space    used 9592K, capacity 10183K, committed 10240K, reserved 1048576K
}

